  main.cpp
E:\LearnOpenGL\Project1\Project1\src\Model.h(465,43): warning C4018: “<”: 有符号/无符号不匹配
E:\LearnOpenGL\Project1\Project1\src\LTC\ltc_matrix.h(4099,1): warning C4305: “初始化”: 从“double”到“const float”截断
E:\LearnOpenGL\Project1\Project1\src\LTC\ltc_matrix.h(8199,1): warning C4305: “初始化”: 从“double”到“const float”截断
E:\LearnOpenGL\Project1\Project1\src\global_data.h(7,21): warning C4305: “初始化”: 从“double”到“float”截断
E:\LearnOpenGL\Project1\Project1\src\Scene.h(56,21): warning C4244: “=”: 从“double”转换到“float”，可能丢失数据
E:\LearnOpenGL\Project1\Project1\src\Scene.h(57,21): warning C4244: “=”: 从“double”转换到“float”，可能丢失数据
E:\LearnOpenGL\Project1\Project1\src\Scene.h(61,23): warning C4244: “初始化”: 从“double”转换到“float”，可能丢失数据
E:\LearnOpenGL\Project1\Project1\src\Scene.h(62,23): warning C4244: “初始化”: 从“double”转换到“float”，可能丢失数据
E:\LearnOpenGL\Project1\Project1\src\Scene.h(63,17): warning C4244: “=”: 从“double”转换到“float”，可能丢失数据
E:\LearnOpenGL\Project1\Project1\src\Scene.h(64,17): warning C4244: “=”: 从“double”转换到“float”，可能丢失数据
E:\LearnOpenGL\Project1\Project1\src\Scene.h(158,18): warning C4305: “return”: 从“int”到“bool”截断
E:\LearnOpenGL\Project1\Project1\src\Scene.h(167,18): warning C4305: “return”: 从“int”到“bool”截断
E:\LearnOpenGL\Project1\Project1\src\Scene.h(201,1): warning C4312: “类型强制转换”: 从“GLuint”转换到更大的“void *”
E:\LearnOpenGL\Project1\Project1\src\Scene.h(204,1): warning C4311: “类型强制转换”: 从“void *”到“GLuint”的指针截断
E:\LearnOpenGL\Project1\Project1\src\Scene.h(204,1): warning C4302: “类型强制转换”: 从“void *”到“GLuint”截断
E:\LearnOpenGL\Project1\Project1\Animation\bone.h(43,20): warning C4244: “初始化”: 从“double”转换到“float”，可能丢失数据
E:\LearnOpenGL\Project1\Project1\Animation\bone.h(54,20): warning C4244: “初始化”: 从“double”转换到“float”，可能丢失数据
E:\LearnOpenGL\Project1\Project1\Animation\bone.h(65,20): warning C4244: “初始化”: 从“double”转换到“float”，可能丢失数据
E:\LearnOpenGL\Project1\Project1\Animation\Animation.h(31,25): warning C4244: “=”: 从“double”转换到“float”，可能丢失数据
E:\LearnOpenGL\Project1\Project1\Animation\Animation.h(32,31): warning C4244: “=”: 从“double”转换到“int”，可能丢失数据
E:\LearnOpenGL\Project1\Project1\Animation\Animation.h(56,44): warning C4244: “return”: 从“int”转换到“float”，可能丢失数据
E:\LearnOpenGL\Project1\Project1\Animation\Animation.h(98,21): warning C4018: “<”: 有符号/无符号不匹配
E:\LearnOpenGL\Project1\Project1\src\Window\RenderWindow.h(10,1): warning C4312: “类型强制转换”: 从“unsigned int”转换到更大的“ImTextureID”
E:\LearnOpenGL\Project1\Project1\src\RTX\Help.h(84,34): warning C4305: “初始化”: 从“double”到“float”截断
E:\LearnOpenGL\Project1\Project1\src\RTX\Help.h(85,34): warning C4305: “初始化”: 从“double”到“float”截断
E:\LearnOpenGL\Project1\Project1\src\RTX\Help.h(86,34): warning C4305: “初始化”: 从“double”到“float”截断
E:\LearnOpenGL\Project1\Project1\src\RTX\Help.h(87,33): warning C4305: “初始化”: 从“double”到“float”截断
E:\LearnOpenGL\Project1\Project1\src\RTX\Help.h(88,33): warning C4305: “初始化”: 从“double”到“float”截断
E:\LearnOpenGL\Project1\Project1\src\RTX\Help.h(89,33): warning C4305: “初始化”: 从“double”到“float”截断
E:\LearnOpenGL\Project1\Project1\src\RTX\Help.h(166,38): warning C4267: “初始化”: 从“size_t”转换到“int”，可能丢失数据
E:\LearnOpenGL\Project1\Project1\src\RTX\BVH.h(41,27): warning C4267: “初始化”: 从“size_t”转换到“int”，可能丢失数据
E:\LearnOpenGL\Project1\Project1\src\RTX\RTX.h(45,20): warning C4305: “=”: 从“double”到“float”截断
E:\LearnOpenGL\Project1\Project1\src\RTX\RTX.h(58,19): warning C4305: “=”: 从“double”到“float”截断
E:\LearnOpenGL\Project1\Project1\src\RTX\RTX.h(63,18): warning C4305: “=”: 从“double”到“float”截断
E:\LearnOpenGL\Project1\Project1\src\RTX\RTX.h(109,31): warning C4267: “=”: 从“size_t”转换到“int”，可能丢失数据
E:\LearnOpenGL\Project1\Project1\src\RTX\RTX.h(114,55): warning C4267: “参数”: 从“size_t”转换到“int”，可能丢失数据
E:\LearnOpenGL\Project1\Project1\src\RTX\RTX.h(115,23): warning C4267: “=”: 从“size_t”转换到“int”，可能丢失数据
E:\LearnOpenGL\Project1\Project1\src\main.cpp(149,54): warning C4244: “参数”: 从“T”转换到“GLsizei”，可能丢失数据
          with
          [
              T=float
          ]
E:\LearnOpenGL\Project1\Project1\src\main.cpp(149,36): warning C4244: “参数”: 从“T”转换到“GLsizei”，可能丢失数据
          with
          [
              T=float
          ]
E:\LearnOpenGL\Project1\Project1\src\main.cpp(166,28): warning C4244: “初始化”: 从“double”转换到“float”，可能丢失数据
E:\LearnOpenGL\Project1\Project1\src\Scene.h(208): warning C4715: “Scene::creatWindow”: 不是所有的控件路径都返回值
E:\LearnOpenGL\Project1\Project1\Animation\bone.h(94): warning C4715: “Bone::GetPositionIndex”: 不是所有的控件路径都返回值
E:\LearnOpenGL\Project1\Project1\Animation\bone.h(104): warning C4715: “Bone::GetRotationIndex”: 不是所有的控件路径都返回值
E:\LearnOpenGL\Project1\Project1\Animation\bone.h(114): warning C4715: “Bone::GetScaleIndex”: 不是所有的控件路径都返回值
  Project1.vcxproj -> E:\LearnOpenGL\Project1\x64\Debug\Project1.exe
