e:\learnopengl\project1\project1\x64\debug\vc142.pdb
e:\learnopengl\project1\project1\x64\debug\vc142.idb
e:\learnopengl\project1\project1\x64\debug\tool.obj
e:\learnopengl\project1\project1\x64\debug\main.obj
e:\learnopengl\project1\project1\x64\debug\imgui_widgets.obj
e:\learnopengl\project1\project1\x64\debug\imgui_tables.obj
e:\learnopengl\project1\project1\x64\debug\imgui_impl_opengl3.obj
e:\learnopengl\project1\project1\x64\debug\imgui_impl_glfw.obj
e:\learnopengl\project1\project1\x64\debug\imgui_draw.obj
e:\learnopengl\project1\project1\x64\debug\imgui_demo.obj
e:\learnopengl\project1\project1\x64\debug\imgui.obj
e:\learnopengl\project1\project1\x64\debug\glad.obj
e:\learnopengl\project1\project1\x64\debug\project1.ilk
e:\learnopengl\project1\x64\debug\project1.exe
e:\learnopengl\project1\x64\debug\project1.pdb
e:\learnopengl\project1\project1\x64\debug\project1.tlog\cl.command.1.tlog
e:\learnopengl\project1\project1\x64\debug\project1.tlog\cl.read.1.tlog
e:\learnopengl\project1\project1\x64\debug\project1.tlog\cl.write.1.tlog
e:\learnopengl\project1\project1\x64\debug\project1.tlog\link.command.1.tlog
e:\learnopengl\project1\project1\x64\debug\project1.tlog\link.read.1.tlog
e:\learnopengl\project1\project1\x64\debug\project1.tlog\link.write.1.tlog
